
> nishi@0.1.0 dev
> next dev --webpack

▲ Next.js 16.1.1 (webpack)
- Local:         http://localhost:3000
- Network:       http://192.168.0.2:3000

✓ Starting...
✓ Ready in 4.6s
○ Compiling /account ...
⨯ ./app/account/layout.tsx:6:1
Module not found: Can't resolve '../../components/Header'
  4 | import { usePathname } from "next/navigation";
  5 | import { FiGrid, FiPackage, FiMapPin, FiUser, FiLogOut } from "react-icons/fi";
> 6 | import Header from "../../components/Header";
    | ^
  7 | import Footer from "../../components/Footer";
  8 |
  9 | export default function AccountLayout({

https://nextjs.org/docs/messages/module-not-found
⨯ ./app/account/layout.tsx:6:1
Module not found: Can't resolve '../../components/Header'
  4 | import { usePathname } from "next/navigation";
  5 | import { FiGrid, FiPackage, FiMapPin, FiUser, FiLogOut } from "react-icons/fi";
> 6 | import Header from "../../components/Header";
    | ^
  7 | import Footer from "../../components/Footer";
  8 |
  9 | export default function AccountLayout({

https://nextjs.org/docs/messages/module-not-found
⨯ ./app/account/layout.tsx:6:1
Module not found: Can't resolve '../../components/Header'
  4 | import { usePathname } from "next/navigation";
  5 | import { FiGrid, FiPackage, FiMapPin, FiUser, FiLogOut } from "react-icons/fi";
> 6 | import Header from "../../components/Header";
    | ^
  7 | import Footer from "../../components/Footer";
  8 |
  9 | export default function AccountLayout({

https://nextjs.org/docs/messages/module-not-found
 GET /account 500 in 14.3s (compile: 13.8s, render: 426ms)
 GET /account 500 in 37ms (compile: 20ms, render: 17ms)
 GET /account 200 in 1142ms (compile: 591ms, render: 551ms)
⚠ Fast Refresh had to perform a full reload. Read more: https://nextjs.org/docs/messages/fast-refresh-reload
 GET /account/orders 200 in 1403ms (compile: 1050ms, render: 353ms)
⚠ Fast Refresh had to perform a full reload. Read more: https://nextjs.org/docs/messages/fast-refresh-reload
 GET /materials 200 in 812ms (compile: 627ms, render: 186ms)
